<?xml version="1.0" encoding="UTF-8"?>
<testng-results ignored="0" total="1" passed="1" failed="0" skipped="0">
  <reporter-output>
  </reporter-output>
  <suite started-at="2025-06-17T20:54:19 EEST" name="Test" finished-at="2025-06-17T20:54:22 EEST" duration-ms="3360">
    <groups>
    </groups>
    <test started-at="2025-06-17T20:54:19 EEST" name="Test" finished-at="2025-06-17T20:54:22 EEST" duration-ms="3360">
      <class name="FormTest">
        <test-method is-config="true" signature="setup()[pri:0, instance:FormTest@4f6ee6e4]" started-at="2025-06-17T20:54:19 EEST" name="setup" finished-at="2025-06-17T20:54:20 EEST" duration-ms="1105" status="PASS">
          <reporter-output>
          </reporter-output>
        </test-method> <!-- setup -->
        <test-method signature="formTest()[pri:0, instance:FormTest@4f6ee6e4]" started-at="2025-06-17T20:54:20 EEST" name="formTest" finished-at="2025-06-17T20:54:22 EEST" duration-ms="2113" status="PASS">
          <reporter-output>
          </reporter-output>
        </test-method> <!-- formTest -->
        <test-method is-config="true" signature="tearDown()[pri:0, instance:FormTest@4f6ee6e4]" started-at="2025-06-17T20:54:22 EEST" name="tearDown" finished-at="2025-06-17T20:54:22 EEST" duration-ms="111" status="PASS">
          <reporter-output>
          </reporter-output>
        </test-method> <!-- tearDown -->
      </class> <!-- FormTest -->
    </test> <!-- Test -->
  </suite> <!-- Test -->
</testng-results>
