<?xml version="1.0" encoding="UTF-8"?>
<!-- Generated by org.testng.reporters.JUnitReportReporter -->
<testsuite hostname="DESKTOP-BSI4ECE" failures="0" tests="4" name="demoQa.LinksTest" time="13.125" errors="0" timestamp="2025-07-08T19:35:03 EEST" skipped="0">
  <testcase classname="demoQa.LinksTest" name="dynamicLinkTest" time="2.860"/>
  <testcase classname="demoQa.LinksTest" name="simpleLinkTest" time="2.884"/>
  <testcase classname="demoQa.LinksTest" name="clickLinksTest" time="5.121"/>
  <testcase classname="demoQa.LinksTest" name="createdLinkTest" time="2.260"/>
</testsuite> <!-- demoQa.LinksTest -->
