<?xml version="1.0" encoding="UTF-8"?>
<!-- Generated by org.testng.reporters.JUnitXMLReporter -->
<testsuite ignored="0" hostname="DESKTOP-BSI4ECE" failures="0" tests="8" name="DemoQA" time="23.756" errors="0" timestamp="2025-07-08T19:35:03 EEST">
  <testcase classname="demoQa.FormTest" name="formTest" time="1.937"/>
  <testcase classname="demoQa.TextBoxTest" name="textBoxTest" time="1.589"/>
  <testcase classname="demoQa.WebTablesTest" name="addNewEmployee" time="1.912"/>
  <testcase classname="demoQa.ButtonsTest" name="testButtons" time="1.835"/>
  <testcase classname="demoQa.LinksTest" name="clickLinksTest" time="4.361"/>
  <testcase classname="demoQa.LinksTest" name="createdLinkTest" time="1.496"/>
  <testcase classname="demoQa.LinksTest" name="dynamicLinkTest" time="2.092"/>
  <testcase classname="demoQa.LinksTest" name="simpleLinkTest" time="2.12"/>
</testsuite> <!-- DemoQA -->
